<?xml version="1.0" encoding="UTF-8"?>
<!-- Generated by org.testng.reporters.JUnitXMLReporter -->
<testsuite ignored="0" hostname="DESKTOP-NE3L490" failures="0" tests="2" name="Default test" time="44.295" errors="0" timestamp="2024-08-04T09:23:57 IST">
  <testcase classname="RahulShetty.Tests.ErrorValidationTest" name="LoginErrorValidation" time="1.443"/>
  <testcase classname="RahulShetty.Tests.ErrorValidationTest" name="ProductErrorValidation" time="4.754"/>
</testsuite> <!-- Default test -->
