<?xml version="1.0" encoding="UTF-8"?>
<!-- Generated by org.testng.reporters.JUnitXMLReporter -->
<testsuite ignored="1" hostname="DESKTOP-NE3L490" failures="0" tests="1" name="submitorder" time="36.358" errors="0" timestamp="2024-08-04T20:31:13 IST">
  <testcase classname="RahulShetty.Tests.SubmitOrderTest" name="submitorder" time="9.543"/>
  <testcase classname="RahulShetty.Tests.SubmitOrderTest" name="orderhistoryTest" time="0.0">
    <ignored/>
  </testcase> <!-- orderhistoryTest -->
</testsuite> <!-- submitorder -->
