<?xml version="1.0" encoding="UTF-8"?>
<!-- Generated by org.testng.reporters.JUnitXMLReporter -->
<testsuite ignored="1" hostname="DESKTOP-NE3L490" failures="1" tests="3" name="Test" time="36.559" errors="0" timestamp="2024-07-30T15:30:52 IST">
  <testcase classname="SauceDemoAppTest.LoginToApp" name="login" time="3.072"/>
  <testcase classname="SauceDemoAppTest.LoginToApp" name="addCart" time="10.614"/>
  <testcase classname="SauceDemoAppTest.RemoveFRomCart" name="Remove" time="0.003">
    <failure type="java.lang.NullPointerException" message="Cannot invoke &amp;quot;org.openqa.selenium.WebDriver.findElement(org.openqa.selenium.By)&amp;quot; because &amp;quot;this.driver&amp;quot; is null">
      <![CDATA[java.lang.NullPointerException: Cannot invoke "org.openqa.selenium.WebDriver.findElement(org.openqa.selenium.By)" because "this.driver" is null
at SauceDemoAppTest.RemoveFRomCart.Remove(RemoveFRomCart.java:15)
at java.base/java.util.ArrayList.forEach(ArrayList.java:1511)
... Removed 27 stack frames]]>
    </failure>
  </testcase> <!-- Remove -->
  <testcase classname="SauceDemoAppTest.LoginToApp" name="CheckOut" time="0.0">
    <ignored/>
  </testcase> <!-- CheckOut -->
</testsuite> <!-- Test -->
