<?xml version="1.0" encoding="UTF-8"?>
<testng-results ignored="0" total="1" passed="1" failed="0" skipped="0">
  <reporter-output>
  </reporter-output>
  <suite started-at="2024-08-04T22:19:45 IST" name="Suite" finished-at="2024-08-04T22:20:10 IST" duration-ms="25210">
    <groups>
      <group name="purchase">
        <method signature="SubmitOrderTest.submitorder(java.util.HashMap)[pri:0, instance:RahulShetty.Tests.SubmitOrderTest@4d5d943d]" name="submitorder" class="RahulShetty.Tests.SubmitOrderTest"/>
      </group> <!-- purchase -->
    </groups>
    <test started-at="2024-08-04T22:19:45 IST" name="ErrorValidation" finished-at="2024-08-04T22:19:45 IST" duration-ms="22">
    </test> <!-- ErrorValidation -->
    <test started-at="2024-08-04T22:19:45 IST" name="submitorder" finished-at="2024-08-04T22:20:10 IST" duration-ms="25210">
      <class name="RahulShetty.Tests.SubmitOrderTest">
        <test-method is-config="true" signature="launchApplication()[pri:0, instance:RahulShetty.Tests.SubmitOrderTest@4d5d943d]" started-at="2024-08-04T22:19:45 IST" name="launchApplication" finished-at="2024-08-04T22:20:01 IST" duration-ms="16320" status="PASS">
          <reporter-output>
          </reporter-output>
        </test-method> <!-- launchApplication -->
        <test-method signature="submitorder(java.util.HashMap)[pri:0, instance:RahulShetty.Tests.SubmitOrderTest@4d5d943d]" started-at="2024-08-04T22:20:01 IST" name="submitorder" data-provider="method" finished-at="2024-08-04T22:20:08 IST" duration-ms="6415" status="PASS">
          <params>
            <param index="0">
              <value>
                <![CDATA[{password=Sidnal@123, email=roopasidnal@gmail.com}]]>
              </value>
            </param>
          </params>
          <reporter-output>
          </reporter-output>
        </test-method> <!-- submitorder -->
        <test-method is-config="true" signature="close()[pri:0, instance:RahulShetty.Tests.SubmitOrderTest@4d5d943d]" started-at="2024-08-04T22:20:08 IST" name="close" finished-at="2024-08-04T22:20:10 IST" duration-ms="2330" status="PASS">
          <reporter-output>
          </reporter-output>
        </test-method> <!-- close -->
      </class> <!-- RahulShetty.Tests.SubmitOrderTest -->
    </test> <!-- submitorder -->
  </suite> <!-- Suite -->
</testng-results>
