<?xml version="1.0" encoding="UTF-8"?>
<testng-results ignored="3" total="4" passed="1" failed="0" skipped="0">
  <reporter-output>
  </reporter-output>
  <suite started-at="2024-08-04T20:30:37 IST" name="Suite" finished-at="2024-08-04T20:31:13 IST" duration-ms="36358">
    <groups>
      <group name="purchase">
        <method signature="SubmitOrderTest.submitorder(java.util.HashMap)[pri:0, instance:RahulShetty.Tests.SubmitOrderTest@2a7f1f10]" name="submitorder" class="RahulShetty.Tests.SubmitOrderTest"/>
      </group> <!-- purchase -->
    </groups>
    <test started-at="2024-08-04T20:30:37 IST" name="ErrorValidation" finished-at="2024-08-04T20:30:37 IST" duration-ms="29">
    </test> <!-- ErrorValidation -->
    <test started-at="2024-08-04T20:30:37 IST" name="submitorder" finished-at="2024-08-04T20:31:13 IST" duration-ms="36358">
      <class name="RahulShetty.Tests.SubmitOrderTest">
        <test-method is-config="true" signature="launchApplication()[pri:0, instance:RahulShetty.Tests.SubmitOrderTest@2a7f1f10]" started-at="2024-08-04T20:30:37 IST" name="launchApplication" finished-at="2024-08-04T20:31:01 IST" duration-ms="24057" status="PASS">
          <reporter-output>
          </reporter-output>
        </test-method> <!-- launchApplication -->
        <test-method signature="submitorder(java.util.HashMap)[pri:0, instance:RahulShetty.Tests.SubmitOrderTest@2a7f1f10]" started-at="2024-08-04T20:31:01 IST" name="submitorder" data-provider="method" finished-at="2024-08-04T20:31:11 IST" duration-ms="9543" status="PASS">
          <params>
            <param index="0">
              <value>
                <![CDATA[{password=Sidnal@123, email=roopasidnal@gmail.com}]]>
              </value>
            </param>
          </params>
          <reporter-output>
          </reporter-output>
        </test-method> <!-- submitorder -->
        <test-method is-config="true" signature="close()[pri:0, instance:RahulShetty.Tests.SubmitOrderTest@2a7f1f10]" started-at="2024-08-04T20:31:11 IST" name="close" finished-at="2024-08-04T20:31:13 IST" duration-ms="2607" status="PASS">
          <reporter-output>
          </reporter-output>
        </test-method> <!-- close -->
      </class> <!-- RahulShetty.Tests.SubmitOrderTest -->
    </test> <!-- submitorder -->
  </suite> <!-- Suite -->
</testng-results>
